<?xml version="1.0" encoding="UTF-8"?>
<testng-results ignored="0" total="1" passed="1" failed="0" skipped="0">
  <reporter-output>
    <line>
      <![CDATA[Report generation]]>
    </line>
    <line>
      <![CDATA[script1]]>
    </line>
    <line>
      <![CDATA[Test Script Execution Started]]>
    </line>
    <line>
      <![CDATA[Test Script Passed]]>
    </line>
    <line>
      <![CDATA[Report]]>
    </line>
  </reporter-output>
  <suite started-at="2024-07-15T20:03:00 IST" name="Default suite" finished-at="2024-07-15T20:03:55 IST" duration-ms="55039">
    <groups>
      <group name="organisation">
        <method signature="Script1_Test.script1()[pri:0, instance:scripts_Vtiger.Script1_Test@3e27aa33]" name="script1" class="scripts_Vtiger.Script1_Test"/>
      </group> <!-- organisation -->
    </groups>
    <test started-at="2024-07-15T20:03:00 IST" name="Default test" finished-at="2024-07-15T20:03:55 IST" duration-ms="55039">
      <class name="scripts_Vtiger.Script1_Test">
        <test-method is-config="true" signature="beforeSuite()[pri:0, instance:scripts_Vtiger.Script1_Test@3e27aa33]" started-at="2024-07-15T20:02:59 IST" name="beforeSuite" finished-at="2024-07-15T20:03:00 IST" duration-ms="674" status="PASS">
          <reporter-output>
            <line>
              <![CDATA[Report generation]]>
            </line>
          </reporter-output>
        </test-method> <!-- beforeSuite -->
        <test-method is-config="true" signature="beforeClass(java.lang.String)[pri:0, instance:scripts_Vtiger.Script1_Test@3e27aa33]" started-at="2024-07-15T20:03:00 IST" name="beforeClass" finished-at="2024-07-15T20:03:08 IST" duration-ms="7582" status="PASS">
          <params>
            <param index="0">
              <value>
                <![CDATA[chrome]]>
              </value>
            </param>
          </params>
          <reporter-output>
          </reporter-output>
        </test-method> <!-- beforeClass -->
        <test-method is-config="true" signature="beforeMethod(java.lang.reflect.Method)[pri:0, instance:scripts_Vtiger.Script1_Test@3e27aa33]" started-at="2024-07-15T20:03:08 IST" name="beforeMethod" finished-at="2024-07-15T20:03:15 IST" duration-ms="6963" status="PASS">
          <params>
            <param index="0">
              <value>
                <![CDATA[public void scripts_Vtiger.Script1_Test.script1() throws org.apache.poi.EncryptedDocumentException,java.io.IOException,java.lang.InterruptedException]]>
              </value>
            </param>
          </params>
          <reporter-output>
            <line>
              <![CDATA[script1]]>
            </line>
          </reporter-output>
        </test-method> <!-- beforeMethod -->
        <test-method signature="script1()[pri:0, instance:scripts_Vtiger.Script1_Test@3e27aa33]" started-at="2024-07-15T20:03:15 IST" name="script1" finished-at="2024-07-15T20:03:35 IST" duration-ms="20381" status="PASS">
          <reporter-output>
            <line>
              <![CDATA[Test Script Execution Started]]>
            </line>
            <line>
              <![CDATA[Test Script Passed]]>
            </line>
          </reporter-output>
        </test-method> <!-- script1 -->
        <test-method is-config="true" signature="afterMethod()[pri:0, instance:scripts_Vtiger.Script1_Test@3e27aa33]" started-at="2024-07-15T20:03:35 IST" name="afterMethod" finished-at="2024-07-15T20:03:55 IST" duration-ms="19366" status="PASS">
          <reporter-output>
          </reporter-output>
        </test-method> <!-- afterMethod -->
        <test-method is-config="true" signature="afterClass()[pri:0, instance:scripts_Vtiger.Script1_Test@3e27aa33]" started-at="2024-07-15T20:03:55 IST" name="afterClass" finished-at="2024-07-15T20:03:55 IST" duration-ms="679" status="PASS">
          <reporter-output>
          </reporter-output>
        </test-method> <!-- afterClass -->
        <test-method is-config="true" signature="afterSuite()[pri:0, instance:scripts_Vtiger.Script1_Test@3e27aa33]" started-at="2024-07-15T20:03:55 IST" name="afterSuite" finished-at="2024-07-15T20:03:56 IST" duration-ms="640" status="PASS">
          <reporter-output>
            <line>
              <![CDATA[Report]]>
            </line>
          </reporter-output>
        </test-method> <!-- afterSuite -->
      </class> <!-- scripts_Vtiger.Script1_Test -->
    </test> <!-- Default test -->
  </suite> <!-- Default suite -->
</testng-results>
